# JRE version: Java(TM) SE Runtime Environment (8.0_65-b17) (build 1.8.0_65-b17)
# Java VM: Java HotSpot(TM) 64-Bit Server VM (25.65-b01 mixed mode linux-amd64 compressed oops)
Heap:
 PSYoungGen      total 307712K, used 265728K [0x00000000eab00000, 0x0000000100000000, 0x0000000100000000)
  eden space 265728K, 100% used [0x00000000eab00000,0x00000000fae80000,0x00000000fae80000)
  from space 41984K, 0% used [0x00000000fd700000,0x00000000fd700000,0x0000000100000000)
  to   space 41472K, 0% used [0x00000000fae80000,0x00000000fae80000,0x00000000fd700000)
 ParOldGen       total 176640K, used 164758K [0x00000000c0000000, 0x00000000cac80000, 0x00000000eab00000)
  object space 176640K, 93% used [0x00000000c0000000,0x00000000ca0e5928,0x00000000cac80000)
 Metaspace       used 111568K, capacity 122326K, committed 122540K, reserved 1150976K
  class space    used 16688K, capacity 20876K, committed 20908K, reserved 1048576K
GC Heap History (10 events):
Event: 652.804 GC heap after
Heap after GC invocations=31 (full 5):
 PSYoungGen      total 306688K, used 25403K [0x00000000eab00000, 0x0000000100000000, 0x0000000100000000)
  eden space 266240K, 0% used [0x00000000eab00000,0x00000000eab00000,0x00000000faf00000)
  from space 40448K, 62% used [0x00000000fd880000,0x00000000ff14ecf8,0x0000000100000000)
  to   space 41472K, 0% used [0x00000000faf00000,0x00000000faf00000,0x00000000fd780000)
 ParOldGen       total 176640K, used 128530K [0x00000000c0000000, 0x00000000cac80000, 0x00000000eab00000)
  object space 176640K, 72% used [0x00000000c0000000,0x00000000c7d84b80,0x00000000cac80000)
 Metaspace       used 92722K, capacity 101538K, committed 101804K, reserved 1134592K
  class space    used 13823K, capacity 17213K, committed 17324K, reserved 1048576K
}
Event: 652.894 GC heap before
{Heap before GC invocations=32 (full 5):
 PSYoungGen      total 306688K, used 37480K [0x00000000eab00000, 0x0000000100000000, 0x0000000100000000)
  eden space 266240K, 4% used [0x00000000eab00000,0x00000000eb6cb590,0x00000000faf00000)
  from space 40448K, 62% used [0x00000000fd880000,0x00000000ff14ecf8,0x0000000100000000)
  to   space 41472K, 0% used [0x00000000faf00000,0x00000000faf00000,0x00000000fd780000)
 ParOldGen       total 176640K, used 128530K [0x00000000c0000000, 0x00000000cac80000, 0x00000000eab00000)
  object space 176640K, 72% used [0x00000000c0000000,0x00000000c7d84b80,0x00000000cac80000)
 Metaspace       used 92860K, capacity 101646K, committed 101804K, reserved 1134592K
  class space    used 13849K, capacity 17249K, committed 17324K, reserved 1048576K
Event: 652.924 GC heap after
Heap after GC invocations=32 (full 5):
 PSYoungGen      total 266752K, used 480K [0x00000000eab00000, 0x0000000100000000, 0x0000000100000000)
  eden space 266240K, 0% used [0x00000000eab00000,0x00000000eab00000,0x00000000faf00000)
  from space 512K, 93% used [0x00000000faf00000,0x00000000faf78000,0x00000000faf80000)
  to   space 41984K, 0% used [0x00000000fd700000,0x00000000fd700000,0x0000000100000000)
 ParOldGen       total 176640K, used 144094K [0x00000000c0000000, 0x00000000cac80000, 0x00000000eab00000)
  object space 176640K, 81% used [0x00000000c0000000,0x00000000c8cb7818,0x00000000cac80000)
 Metaspace       used 92860K, capacity 101646K, committed 101804K, reserved 1134592K
  class space    used 13849K, capacity 17249K, committed 17324K, reserved 1048576K
}
Event: 652.924 GC heap before
{Heap before GC invocations=33 (full 6):
 PSYoungGen      total 266752K, used 480K [0x00000000eab00000, 0x0000000100000000, 0x0000000100000000)
  eden space 266240K, 0% used [0x00000000eab00000,0x00000000eab00000,0x00000000faf00000)
  from space 512K, 93% used [0x00000000faf00000,0x00000000faf78000,0x00000000faf80000)
  to   space 41984K, 0% used [0x00000000fd700000,0x00000000fd700000,0x0000000100000000)
 ParOldGen       total 176640K, used 144094K [0x00000000c0000000, 0x00000000cac80000, 0x00000000eab00000)
  object space 176640K, 81% used [0x00000000c0000000,0x00000000c8cb7818,0x00000000cac80000)
 Metaspace       used 92860K, capacity 101646K, committed 101804K, reserved 1134592K
  class space    used 13849K, capacity 17249K, committed 17324K, reserved 1048576K
Event: 653.775 GC heap after
Heap after GC invocations=33 (full 6):
 PSYoungGen      total 266752K, used 0K [0x00000000eab00000, 0x0000000100000000, 0x0000000100000000)
  eden space 266240K, 0% used [0x00000000eab00000,0x00000000eab00000,0x00000000faf00000)
  from space 512K, 0% used [0x00000000faf00000,0x00000000faf00000,0x00000000faf80000)
  to   space 41984K, 0% used [0x00000000fd700000,0x00000000fd700000,0x0000000100000000)
 ParOldGen       total 176640K, used 143598K [0x00000000c0000000, 0x00000000cac80000, 0x00000000eab00000)
  object space 176640K, 81% used [0x00000000c0000000,0x00000000c8c3bba0,0x00000000cac80000)
 Metaspace       used 92860K, capacity 101646K, committed 101804K, reserved 1134592K
  class space    used 13849K, capacity 17249K, committed 17324K, reserved 1048576K
}
Event: 795.952 GC heap before
{Heap before GC invocations=34 (full 6):
 PSYoungGen      total 266752K, used 249217K [0x00000000eab00000, 0x0000000100000000, 0x0000000100000000)
  eden space 266240K, 93% used [0x00000000eab00000,0x00000000f9e605b0,0x00000000faf00000)
  from space 512K, 0% used [0x00000000faf00000,0x00000000faf00000,0x00000000faf80000)
  to   space 41984K, 0% used [0x00000000fd700000,0x00000000fd700000,0x0000000100000000)
 ParOldGen       total 176640K, used 143598K [0x00000000c0000000, 0x00000000cac80000, 0x00000000eab00000)
  object space 176640K, 81% used [0x00000000c0000000,0x00000000c8c3bba0,0x00000000cac80000)
 Metaspace       used 100278K, capacity 109976K, committed 110252K, reserved 1140736K
  class space    used 15029K, capacity 18807K, committed 18860K, reserved 1048576K
Event: 795.992 GC heap after
Heap after GC invocations=34 (full 6):
 PSYoungGen      total 307712K, used 21996K [0x00000000eab00000, 0x0000000100000000, 0x0000000100000000)
  eden space 265728K, 0% used [0x00000000eab00000,0x00000000eab00000,0x00000000fae80000)
  from space 41984K, 52% used [0x00000000fd700000,0x00000000fec7b158,0x0000000100000000)
  to   space 41472K, 0% used [0x00000000fae80000,0x00000000fae80000,0x00000000fd700000)
 ParOldGen       total 176640K, used 143606K [0x00000000c0000000, 0x00000000cac80000, 0x00000000eab00000)
  object space 176640K, 81% used [0x00000000c0000000,0x00000000c8c3dba0,0x00000000cac80000)
 Metaspace       used 100278K, capacity 109976K, committed 110252K, reserved 1140736K
  class space    used 15029K, capacity 18807K, committed 18860K, reserved 1048576K
}
Event: 795.992 GC heap before
{Heap before GC invocations=35 (full 7):
 PSYoungGen      total 307712K, used 21996K [0x00000000eab00000, 0x0000000100000000, 0x0000000100000000)
  eden space 265728K, 0% used [0x00000000eab00000,0x00000000eab00000,0x00000000fae80000)
  from space 41984K, 52% used [0x00000000fd700000,0x00000000fec7b158,0x0000000100000000)
  to   space 41472K, 0% used [0x00000000fae80000,0x00000000fae80000,0x00000000fd700000)
 ParOldGen       total 176640K, used 143606K [0x00000000c0000000, 0x00000000cac80000, 0x00000000eab00000)
  object space 176640K, 81% used [0x00000000c0000000,0x00000000c8c3dba0,0x00000000cac80000)
 Metaspace       used 100278K, capacity 109976K, committed 110252K, reserved 1140736K
  class space    used 15029K, capacity 18807K, committed 18860K, reserved 1048576K
Event: 796.667 GC heap after
Heap after GC invocations=35 (full 7):
 PSYoungGen      total 307712K, used 0K [0x00000000eab00000, 0x0000000100000000, 0x0000000100000000)
  eden space 265728K, 0% used [0x00000000eab00000,0x00000000eab00000,0x00000000fae80000)
  from space 41984K, 0% used [0x00000000fd700000,0x00000000fd700000,0x0000000100000000)
  to   space 41472K, 0% used [0x00000000fae80000,0x00000000fae80000,0x00000000fd700000)
 ParOldGen       total 176640K, used 164758K [0x00000000c0000000, 0x00000000cac80000, 0x00000000eab00000)
  object space 176640K, 93% used [0x00000000c0000000,0x00000000ca0e5928,0x00000000cac80000)
 Metaspace       used 100278K, capacity 109976K, committed 110252K, reserved 1140736K
  class space    used 15029K, capacity 18807K, committed 18860K, reserved 1048576K
}
Event: 2000.295 GC heap before
{Heap before GC invocations=36 (full 8):
 PSYoungGen      total 307712K, used 265728K [0x00000000eab00000, 0x0000000100000000, 0x0000000100000000)
  eden space 265728K, 100% used [0x00000000eab00000,0x00000000fae80000,0x00000000fae80000)
  from space 41984K, 0% used [0x00000000fd700000,0x00000000fd700000,0x0000000100000000)
  to   space 41472K, 0% used [0x00000000fae80000,0x00000000fae80000,0x00000000fd700000)
 ParOldGen       total 176640K, used 164758K [0x00000000c0000000, 0x00000000cac80000, 0x00000000eab00000)
  object space 176640K, 93% used [0x00000000c0000000,0x00000000ca0e5928,0x00000000cac80000)
 Metaspace       used 111568K, capacity 122326K, committed 122540K, reserved 1150976K
  class space    used 16688K, capacity 20876K, committed 20908K, reserved 1048576K

